INFO:     Started server process [8168]
INFO:     Waiting for application startup.
INFO:     Application startup complete.
INFO:     Uvicorn running on http://127.0.0.1:8000 (Press CTRL+C to quit)
ERROR:    Exception in ASGI application
Traceback (most recent call last):
  File "C:\Users\CRAFT\AppData\Local\Programs\Python\Python311\Lib\site-packages\uvicorn\protocols\http\httptools_impl.py", line 419, in run_asgi
    result = await app(  # type: ignore[func-returns-value]
             ^^^^^^^^^^^^^^^^^^^^^^^^^^^^^^^^^^^^^^^^^^^^^^
  File "C:\Users\CRAFT\AppData\Local\Programs\Python\Python311\Lib\site-packages\uvicorn\middleware\proxy_headers.py", line 84, in __call__
    return await self.app(scope, receive, send)
           ^^^^^^^^^^^^^^^^^^^^^^^^^^^^^^^^^^^^
  File "C:\Users\CRAFT\AppData\Local\Programs\Python\Python311\Lib\site-packages\fastapi\applications.py", line 1054, in __call__
    await super().__call__(scope, receive, send)
  File "C:\Users\CRAFT\AppData\Local\Programs\Python\Python311\Lib\site-packages\starlette\applications.py", line 123, in __call__
    await self.middleware_stack(scope, receive, send)
  File "C:\Users\CRAFT\AppData\Local\Programs\Python\Python311\Lib\site-packages\starlette\middleware\errors.py", line 186, in __call__
    raise exc
  File "C:\Users\CRAFT\AppData\Local\Programs\Python\Python311\Lib\site-packages\starlette\middleware\errors.py", line 164, in __call__
    await self.app(scope, receive, _send)
  File "C:\Users\CRAFT\AppData\Local\Programs\Python\Python311\Lib\site-packages\starlette\middleware\cors.py", line 83, in __call__
    await self.app(scope, receive, send)
  File "C:\Users\CRAFT\AppData\Local\Programs\Python\Python311\Lib\site-packages\starlette\middleware\exceptions.py", line 62, in __call__
    await wrap_app_handling_exceptions(self.app, conn)(scope, receive, send)
  File "C:\Users\CRAFT\AppData\Local\Programs\Python\Python311\Lib\site-packages\starlette\_exception_handler.py", line 64, in wrapped_app
    raise exc
  File "C:\Users\CRAFT\AppData\Local\Programs\Python\Python311\Lib\site-packages\starlette\_exception_handler.py", line 53, in wrapped_app
    await app(scope, receive, sender)
  File "C:\Users\CRAFT\AppData\Local\Programs\Python\Python311\Lib\site-packages\starlette\routing.py", line 762, in __call__
    await self.middleware_stack(scope, receive, send)
  File "C:\Users\CRAFT\AppData\Local\Programs\Python\Python311\Lib\site-packages\starlette\routing.py", line 782, in app
    await route.handle(scope, receive, send)
  File "C:\Users\CRAFT\AppData\Local\Programs\Python\Python311\Lib\site-packages\starlette\routing.py", line 297, in handle
    await self.app(scope, receive, send)
  File "C:\Users\CRAFT\AppData\Local\Programs\Python\Python311\Lib\site-packages\starlette\routing.py", line 77, in app
    await wrap_app_handling_exceptions(app, request)(scope, receive, send)
  File "C:\Users\CRAFT\AppData\Local\Programs\Python\Python311\Lib\site-packages\starlette\_exception_handler.py", line 64, in wrapped_app
    raise exc
  File "C:\Users\CRAFT\AppData\Local\Programs\Python\Python311\Lib\site-packages\starlette\_exception_handler.py", line 53, in wrapped_app
    await app(scope, receive, sender)
  File "C:\Users\CRAFT\AppData\Local\Programs\Python\Python311\Lib\site-packages\starlette\routing.py", line 72, in app
    response = await func(request)
               ^^^^^^^^^^^^^^^^^^^
  File "C:\Users\CRAFT\AppData\Local\Programs\Python\Python311\Lib\site-packages\fastapi\routing.py", line 299, in app
    raise e
  File "C:\Users\CRAFT\AppData\Local\Programs\Python\Python311\Lib\site-packages\fastapi\routing.py", line 294, in app
    raw_response = await run_endpoint_function(
                   ^^^^^^^^^^^^^^^^^^^^^^^^^^^^
  File "C:\Users\CRAFT\AppData\Local\Programs\Python\Python311\Lib\site-packages\fastapi\routing.py", line 191, in run_endpoint_function
    return await dependant.call(**values)
           ^^^^^^^^^^^^^^^^^^^^^^^^^^^^^^
  File "C:\Users\CRAFT\Desktop\future MEST projects\Backend\atlas-gh\backend\app\routers\climate.py", line 287, in get_variable_range
    response = await get_climate_data(variable, period, scenario, percentile)
               ^^^^^^^^^^^^^^^^^^^^^^^^^^^^^^^^^^^^^^^^^^^^^^^^^^^^^^^^^^^^^^
  File "C:\Users\CRAFT\Desktop\future MEST projects\Backend\atlas-gh\backend\app\routers\climate.py", line 100, in get_climate_data
    real_response = build_real_climate_response(variable, period, scenario, normalized_percentile)
                    ^^^^^^^^^^^^^^^^^^^^^^^^^^^^^^^^^^^^^^^^^^^^^^^^^^^^^^^^^^^^^^^^^^^^^^^^^^^^^^
  File "C:\Users\CRAFT\Desktop\future MEST projects\Backend\atlas-gh\backend\app\services\real_climate.py", line 343, in build_real_climate_response
    rows = load_period_values()
           ^^^^^^^^^^^^^^^^^^^^
  File "C:\Users\CRAFT\Desktop\future MEST projects\Backend\atlas-gh\backend\app\services\real_climate.py", line 176, in load_period_values
    return _normalize_period_records(_read_csv_records(path, required_columns))
                                     ^^^^^^^^^^^^^^^^^^^^^^^^^^^^^^^^^^^^^^^^^
  File "C:\Users\CRAFT\Desktop\future MEST projects\Backend\atlas-gh\backend\app\services\real_climate.py", line 34, in _read_csv_records
    pandas = _pd()
             ^^^^^
  File "C:\Users\CRAFT\Desktop\future MEST projects\Backend\atlas-gh\backend\app\services\real_climate.py", line 24, in _pd
    import pandas as pandas
  File "C:\Users\CRAFT\AppData\Local\Programs\Python\Python311\Lib\site-packages\pandas\__init__.py", line 61, in <module>
    from pandas.core.api import (
  File "C:\Users\CRAFT\AppData\Local\Programs\Python\Python311\Lib\site-packages\pandas\core\api.py", line 9, in <module>
    from pandas.core.dtypes.dtypes import (
  File "<frozen importlib._bootstrap>", line 1176, in _find_and_load
  File "<frozen importlib._bootstrap>", line 1147, in _find_and_load_unlocked
  File "<frozen importlib._bootstrap>", line 690, in _load_unlocked
  File "<frozen importlib._bootstrap_external>", line 936, in exec_module
  File "<frozen importlib._bootstrap_external>", line 1032, in get_code
  File "<frozen importlib._bootstrap_external>", line 1131, in get_data
MemoryError
